--- Début de la conversion ---
Version de LibreOffice :
LibreOffice 25.8.1.1 54047653041915e595ad4e45cccea684809c77b5

Source : /Users/tdeviaris/Desktop/Toponymes/FrenchNamesAustralia/Source_documents
Destination : /Users/tdeviaris/Desktop/Toponymes/FrenchNamesAustralia/details
---------------------------------
CONVERSION : Entre65F.rtf -> /Users/tdeviaris/Desktop/Toponymes/FrenchNamesAustralia/details/./Entre65F.html
convert /Users/tdeviaris/Desktop/Toponymes/FrenchNamesAustralia/Source_documents/Entre65F.rtf as a Writer document -> /Users/tdeviaris/Desktop/Toponymes/FrenchNamesAustralia/details/Entre65F.html using filter : HTML
Overwriting: /Users/tdeviaris/Desktop/Toponymes/FrenchNamesAustralia/details/Entre65F.html
  -> SUCCÈS
[postprocess] Fichier mis à jour : Entre65F.html
CONVERSION : Baudin017E.rtf -> /Users/tdeviaris/Desktop/Toponymes/FrenchNamesAustralia/details/./Baudin017E.html
convert /Users/tdeviaris/Desktop/Toponymes/FrenchNamesAustralia/Source_documents/Baudin017E.rtf as a Writer document -> /Users/tdeviaris/Desktop/Toponymes/FrenchNamesAustralia/details/Baudin017E.html using filter : HTML
Overwriting: /Users/tdeviaris/Desktop/Toponymes/FrenchNamesAustralia/details/Baudin017E.html
  -> SUCCÈS
[postprocess] Fichier mis à jour : Baudin017E.html
CONVERSION : Baudin001E.rtf -> /Users/tdeviaris/Desktop/Toponymes/FrenchNamesAustralia/details/./Baudin001E.html
convert /Users/tdeviaris/Desktop/Toponymes/FrenchNamesAustralia/Source_documents/Baudin001E.rtf as a Writer document -> /Users/tdeviaris/Desktop/Toponymes/FrenchNamesAustralia/details/Baudin001E.html using filter : HTML
Overwriting: /Users/tdeviaris/Desktop/Toponymes/FrenchNamesAustralia/details/Baudin001E.html
  -> SUCCÈS
[postprocess] Fichier mis à jour : Baudin001E.html
CONVERSION : Baudin016E.rtf -> /Users/tdeviaris/Desktop/Toponymes/FrenchNamesAustralia/details/./Baudin016E.html
convert /Users/tdeviaris/Desktop/Toponymes/FrenchNamesAustralia/Source_documents/Baudin016E.rtf as a Writer document -> /Users/tdeviaris/Desktop/Toponymes/FrenchNamesAustralia/details/Baudin016E.html using filter : HTML
Overwriting: /Users/tdeviaris/Desktop/Toponymes/FrenchNamesAustralia/details/Baudin016E.html
  -> SUCCÈS
[postprocess] Fichier mis à jour : Baudin016E.html
CONVERSION : Baudin007E.rtf -> /Users/tdeviaris/Desktop/Toponymes/FrenchNamesAustralia/details/./Baudin007E.html
convert /Users/tdeviaris/Desktop/Toponymes/FrenchNamesAustralia/Source_documents/Baudin007E.rtf as a Writer document -> /Users/tdeviaris/Desktop/Toponymes/FrenchNamesAustralia/details/Baudin007E.html using filter : HTML
Overwriting: /Users/tdeviaris/Desktop/Toponymes/FrenchNamesAustralia/details/Baudin007E.html
  -> SUCCÈS
[postprocess] Fichier mis à jour : Baudin007E.html
CONVERSION : Entre02F.rtf -> /Users/tdeviaris/Desktop/Toponymes/FrenchNamesAustralia/details/./Entre02F.html
convert /Users/tdeviaris/Desktop/Toponymes/FrenchNamesAustralia/Source_documents/Entre02F.rtf as a Writer document -> /Users/tdeviaris/Desktop/Toponymes/FrenchNamesAustralia/details/Entre02F.html using filter : HTML
Overwriting: /Users/tdeviaris/Desktop/Toponymes/FrenchNamesAustralia/details/Entre02F.html
  -> SUCCÈS
[postprocess] Fichier mis à jour : Entre02F.html
CONVERSION : Entre63F.rtf -> /Users/tdeviaris/Desktop/Toponymes/FrenchNamesAustralia/details/./Entre63F.html
convert /Users/tdeviaris/Desktop/Toponymes/FrenchNamesAustralia/Source_documents/Entre63F.rtf as a Writer document -> /Users/tdeviaris/Desktop/Toponymes/FrenchNamesAustralia/details/Entre63F.html using filter : HTML
Overwriting: /Users/tdeviaris/Desktop/Toponymes/FrenchNamesAustralia/details/Entre63F.html
  -> SUCCÈS
[postprocess] Fichier mis à jour : Entre63F.html
CONVERSION : Entre34F.rtf -> /Users/tdeviaris/Desktop/Toponymes/FrenchNamesAustralia/details/./Entre34F.html
convert /Users/tdeviaris/Desktop/Toponymes/FrenchNamesAustralia/Source_documents/Entre34F.rtf as a Writer document -> /Users/tdeviaris/Desktop/Toponymes/FrenchNamesAustralia/details/Entre34F.html using filter : HTML
Overwriting: /Users/tdeviaris/Desktop/Toponymes/FrenchNamesAustralia/details/Entre34F.html
  -> SUCCÈS
[postprocess] Fichier mis à jour : Entre34F.html
CONVERSION : Entre43E.rtf -> /Users/tdeviaris/Desktop/Toponymes/FrenchNamesAustralia/details/./Entre43E.html
convert /Users/tdeviaris/Desktop/Toponymes/FrenchNamesAustralia/Source_documents/Entre43E.rtf as a Writer document -> /Users/tdeviaris/Desktop/Toponymes/FrenchNamesAustralia/details/Entre43E.html using filter : HTML
Overwriting: /Users/tdeviaris/Desktop/Toponymes/FrenchNamesAustralia/details/Entre43E.html
  -> SUCCÈS
[postprocess] Fichier mis à jour : Entre43E.html
CONVERSION : Entre59F.rtf -> /Users/tdeviaris/Desktop/Toponymes/FrenchNamesAustralia/details/./Entre59F.html
convert /Users/tdeviaris/Desktop/Toponymes/FrenchNamesAustralia/Source_documents/Entre59F.rtf as a Writer document -> /Users/tdeviaris/Desktop/Toponymes/FrenchNamesAustralia/details/Entre59F.html using filter : HTML
Overwriting: /Users/tdeviaris/Desktop/Toponymes/FrenchNamesAustralia/details/Entre59F.html
  -> SUCCÈS
[postprocess] Fichier mis à jour : Entre59F.html
CONVERSION : Entre58F.rtf -> /Users/tdeviaris/Desktop/Toponymes/FrenchNamesAustralia/details/./Entre58F.html
convert /Users/tdeviaris/Desktop/Toponymes/FrenchNamesAustralia/Source_documents/Entre58F.rtf as a Writer document -> /Users/tdeviaris/Desktop/Toponymes/FrenchNamesAustralia/details/Entre58F.html using filter : HTML
Overwriting: /Users/tdeviaris/Desktop/Toponymes/FrenchNamesAustralia/details/Entre58F.html
  -> SUCCÈS
[postprocess] Fichier mis à jour : Entre58F.html
CONVERSION : Entre03E.rtf -> /Users/tdeviaris/Desktop/Toponymes/FrenchNamesAustralia/details/./Entre03E.html
convert /Users/tdeviaris/Desktop/Toponymes/FrenchNamesAustralia/Source_documents/Entre03E.rtf as a Writer document -> /Users/tdeviaris/Desktop/Toponymes/FrenchNamesAustralia/details/Entre03E.html using filter : HTML
Overwriting: /Users/tdeviaris/Desktop/Toponymes/FrenchNamesAustralia/details/Entre03E.html
  -> SUCCÈS
[postprocess] Fichier mis à jour : Entre03E.html
CONVERSION : Baudin010E.rtf -> /Users/tdeviaris/Desktop/Toponymes/FrenchNamesAustralia/details/./Baudin010E.html
convert /Users/tdeviaris/Desktop/Toponymes/FrenchNamesAustralia/Source_documents/Baudin010E.rtf as a Writer document -> /Users/tdeviaris/Desktop/Toponymes/FrenchNamesAustralia/details/Baudin010E.html using filter : HTML
Overwriting: /Users/tdeviaris/Desktop/Toponymes/FrenchNamesAustralia/details/Baudin010E.html
  -> SUCCÈS
[postprocess] Fichier mis à jour : Baudin010E.html
CONVERSION : Baudin013E.rtf -> /Users/tdeviaris/Desktop/Toponymes/FrenchNamesAustralia/details/./Baudin013E.html
convert /Users/tdeviaris/Desktop/Toponymes/FrenchNamesAustralia/Source_documents/Baudin013E.rtf as a Writer document -> /Users/tdeviaris/Desktop/Toponymes/FrenchNamesAustralia/details/Baudin013E.html using filter : HTML
Overwriting: /Users/tdeviaris/Desktop/Toponymes/FrenchNamesAustralia/details/Baudin013E.html
  -> SUCCÈS
[postprocess] Fichier mis à jour : Baudin013E.html
CONVERSION : Entre57E.rtf -> /Users/tdeviaris/Desktop/Toponymes/FrenchNamesAustralia/details/./Entre57E.html
convert /Users/tdeviaris/Desktop/Toponymes/FrenchNamesAustralia/Source_documents/Entre57E.rtf as a Writer document -> /Users/tdeviaris/Desktop/Toponymes/FrenchNamesAustralia/details/Entre57E.html using filter : HTML
Overwriting: /Users/tdeviaris/Desktop/Toponymes/FrenchNamesAustralia/details/Entre57E.html
  -> SUCCÈS
[postprocess] Fichier mis à jour : Entre57E.html
CONVERSION : Baudin009E.rtf -> /Users/tdeviaris/Desktop/Toponymes/FrenchNamesAustralia/details/./Baudin009E.html
convert /Users/tdeviaris/Desktop/Toponymes/FrenchNamesAustralia/Source_documents/Baudin009E.rtf as a Writer document -> /Users/tdeviaris/Desktop/Toponymes/FrenchNamesAustralia/details/Baudin009E.html using filter : HTML
Overwriting: /Users/tdeviaris/Desktop/Toponymes/FrenchNamesAustralia/details/Baudin009E.html
  -> SUCCÈS
[postprocess] Fichier mis à jour : Baudin009E.html
CONVERSION : Baudin008E.rtf -> /Users/tdeviaris/Desktop/Toponymes/FrenchNamesAustralia/details/./Baudin008E.html
convert /Users/tdeviaris/Desktop/Toponymes/FrenchNamesAustralia/Source_documents/Baudin008E.rtf as a Writer document -> /Users/tdeviaris/Desktop/Toponymes/FrenchNamesAustralia/details/Baudin008E.html using filter : HTML
Overwriting: /Users/tdeviaris/Desktop/Toponymes/FrenchNamesAustralia/details/Baudin008E.html
  -> SUCCÈS
[postprocess] Fichier mis à jour : Baudin008E.html
CONVERSION : Entre56E.rtf -> /Users/tdeviaris/Desktop/Toponymes/FrenchNamesAustralia/details/./Entre56E.html
convert /Users/tdeviaris/Desktop/Toponymes/FrenchNamesAustralia/Source_documents/Entre56E.rtf as a Writer document -> /Users/tdeviaris/Desktop/Toponymes/FrenchNamesAustralia/details/Entre56E.html using filter : HTML
Overwriting: /Users/tdeviaris/Desktop/Toponymes/FrenchNamesAustralia/details/Entre56E.html
  -> SUCCÈS
[postprocess] Fichier mis à jour : Entre56E.html
CONVERSION : Baudin012E.rtf -> /Users/tdeviaris/Desktop/Toponymes/FrenchNamesAustralia/details/./Baudin012E.html
convert /Users/tdeviaris/Desktop/Toponymes/FrenchNamesAustralia/Source_documents/Baudin012E.rtf as a Writer document -> /Users/tdeviaris/Desktop/Toponymes/FrenchNamesAustralia/details/Baudin012E.html using filter : HTML
Overwriting: /Users/tdeviaris/Desktop/Toponymes/FrenchNamesAustralia/details/Baudin012E.html
  -> SUCCÈS
[postprocess] Fichier mis à jour : Baudin012E.html
CONVERSION : Baudin003F.rtf -> /Users/tdeviaris/Desktop/Toponymes/FrenchNamesAustralia/details/./Baudin003F.html
convert /Users/tdeviaris/Desktop/Toponymes/FrenchNamesAustralia/Source_documents/Baudin003F.rtf as a Writer document -> /Users/tdeviaris/Desktop/Toponymes/FrenchNamesAustralia/details/Baudin003F.html using filter : HTML
Overwriting: /Users/tdeviaris/Desktop/Toponymes/FrenchNamesAustralia/details/Baudin003F.html
  -> SUCCÈS
[postprocess] Fichier mis à jour : Baudin003F.html
CONVERSION : Entre30E.rtf -> /Users/tdeviaris/Desktop/Toponymes/FrenchNamesAustralia/details/./Entre30E.html
convert /Users/tdeviaris/Desktop/Toponymes/FrenchNamesAustralia/Source_documents/Entre30E.rtf as a Writer document -> /Users/tdeviaris/Desktop/Toponymes/FrenchNamesAustralia/details/Entre30E.html using filter : HTML
Overwriting: /Users/tdeviaris/Desktop/Toponymes/FrenchNamesAustralia/details/Entre30E.html
  -> SUCCÈS
[postprocess] Fichier mis à jour : Entre30E.html
CONVERSION : Baudin003E.rtf -> /Users/tdeviaris/Desktop/Toponymes/FrenchNamesAustralia/details/./Baudin003E.html
convert /Users/tdeviaris/Desktop/Toponymes/FrenchNamesAustralia/Source_documents/Baudin003E.rtf as a Writer document -> /Users/tdeviaris/Desktop/Toponymes/FrenchNamesAustralia/details/Baudin003E.html using filter : HTML
Overwriting: /Users/tdeviaris/Desktop/Toponymes/FrenchNamesAustralia/details/Baudin003E.html
  -> SUCCÈS
[postprocess] Fichier mis à jour : Baudin003E.html
CONVERSION : Entre67E.rtf -> /Users/tdeviaris/Desktop/Toponymes/FrenchNamesAustralia/details/./Entre67E.html
convert /Users/tdeviaris/Desktop/Toponymes/FrenchNamesAustralia/Source_documents/Entre67E.rtf as a Writer document -> /Users/tdeviaris/Desktop/Toponymes/FrenchNamesAustralia/details/Entre67E.html using filter : HTML
Overwriting: /Users/tdeviaris/Desktop/Toponymes/FrenchNamesAustralia/details/Entre67E.html
  -> SUCCÈS
[postprocess] Fichier mis à jour : Entre67E.html
CONVERSION : Baudin015E.rtf -> /Users/tdeviaris/Desktop/Toponymes/FrenchNamesAustralia/details/./Baudin015E.html
convert /Users/tdeviaris/Desktop/Toponymes/FrenchNamesAustralia/Source_documents/Baudin015E.rtf as a Writer document -> /Users/tdeviaris/Desktop/Toponymes/FrenchNamesAustralia/details/Baudin015E.html using filter : HTML
Overwriting: /Users/tdeviaris/Desktop/Toponymes/FrenchNamesAustralia/details/Baudin015E.html
  -> SUCCÈS
[postprocess] Fichier mis à jour : Baudin015E.html
CONVERSION : Baudin014E.rtf -> /Users/tdeviaris/Desktop/Toponymes/FrenchNamesAustralia/details/./Baudin014E.html
convert /Users/tdeviaris/Desktop/Toponymes/FrenchNamesAustralia/Source_documents/Baudin014E.rtf as a Writer document -> /Users/tdeviaris/Desktop/Toponymes/FrenchNamesAustralia/details/Baudin014E.html using filter : HTML
Overwriting: /Users/tdeviaris/Desktop/Toponymes/FrenchNamesAustralia/details/Baudin014E.html
  -> SUCCÈS
[postprocess] Fichier mis à jour : Baudin014E.html
CONVERSION : Baudin002E.rtf -> /Users/tdeviaris/Desktop/Toponymes/FrenchNamesAustralia/details/./Baudin002E.html
convert /Users/tdeviaris/Desktop/Toponymes/FrenchNamesAustralia/Source_documents/Baudin002E.rtf as a Writer document -> /Users/tdeviaris/Desktop/Toponymes/FrenchNamesAustralia/details/Baudin002E.html using filter : HTML
Overwriting: /Users/tdeviaris/Desktop/Toponymes/FrenchNamesAustralia/details/Baudin002E.html
  -> SUCCÈS
[postprocess] Fichier mis à jour : Baudin002E.html
--- Conversion terminée ---
Le journal complet est disponible dans : /Users/tdeviaris/Desktop/Toponymes/FrenchNamesAustralia/convert_docs.log
